<?xml version="1.0" encoding="UTF-8"?>
<!-- Generated by org.testng.reporters.JUnitXMLReporter -->
<testsuite hostname="DESKTOP-7BR3V1I" ignored="0" name="SmokeTest" tests="1" failures="1" timestamp="10 Sep 2018 17:39:59 GMT" time="35.062" errors="0">
  <testcase name="soc_4102" time="25.721" classname="tr.findlaw.tests.Sprint_6">
    <failure type="junit.framework.AssertionFailedError" message="Found 5 accessibility violations:
1) id attribute value must be unique: https://dequeuniversity.com/rules/axe/3.0/duplicate-id?application=axeAPI
  a) [&amp;quot;#marketing&amp;quot;,&amp;quot;html &amp;gt; body &amp;gt; div:nth-child(2) &amp;gt; .columnContainer.parbase &amp;gt; div &amp;gt; .container &amp;gt; .columns-wrapper.xs-min-height-500 &amp;gt; .col.text-left &amp;gt; div:nth-child(2) &amp;gt; h2&amp;quot;]
    Fix any of the following:
      Document has multiple elements with the same id attribute: salesforce-for-small-business


  b) [&amp;quot;#marketing&amp;quot;,&amp;quot;html &amp;gt; body &amp;gt; div:nth-child(16) &amp;gt; .columnContainer.parbase &amp;gt; div &amp;gt; .container &amp;gt; .columns-wrapper.xs-min-height-500 &amp;gt; .col.text-left &amp;gt; div:nth-child(3) &amp;gt; h1&amp;quot;]
    Fix any of the following:
      Document has multiple elements with the same id attribute: agenda-builder-is-live


  c) [&amp;quot;#marketing&amp;quot;,&amp;quot;html &amp;gt; body &amp;gt; div:nth-child(16) &amp;gt; .columnContainer.parbase &amp;gt; div &amp;gt; .container &amp;gt; .columns-wrapper.xs-min-height-500 &amp;gt; .col.text-left &amp;gt; div:nth-child(4) &amp;gt; h2&amp;quot;]
    Fix any of the following:
      Document has multiple elements with the same id attribute: start-planning-your-sessions-today


2) &amp;lt;html&amp;gt; element must have a lang attribute: https://dequeuniversity.com/rules/axe/3.0/html-has-lang?application=axeAPI
  a) [&amp;quot;body &amp;gt; iframe[src$=\&amp;quot;sessionserver212.html\&amp;quot;]&amp;quot;,&amp;quot;html&amp;quot;]
    Fix any of the following:
      The &amp;lt;html&amp;gt; element does not have a lang attribute


3) Images must have alternate text: https://dequeuniversity.com/rules/axe/3.0/image-alt?application=axeAPI
  a) [&amp;quot;#marketing&amp;quot;,&amp;quot;#small-business-kit &amp;gt; a &amp;gt; svg[role=\&amp;quot;img\&amp;quot;]&amp;quot;]
    Fix any of the following:
      Element does not have an alt attribute
      aria-label attribute does not exist or is empty
      aria-labelledby attribute does not exist, references elements that do not exist or references elements that are empty or not visible
      Element has no title attribute or the title attribute is empty
      Element&amp;apos;s default semantics were not overridden with role=&amp;quot;presentation&amp;quot;
      Element&amp;apos;s default semantics were not overridden with role=&amp;quot;none&amp;quot;


4) Page must contain one main landmark.: https://dequeuniversity.com/rules/axe/3.0/landmark-one-main?application=axeAPI
  a) [&amp;quot;html&amp;quot;]
    Fix all of the following:
      Document has no main landmarks


  b) [&amp;quot;#marketing&amp;quot;,&amp;quot;html&amp;quot;]
    Fix all of the following:
      Document has no main landmarks


  c) [&amp;quot;body &amp;gt; iframe[src$=\&amp;quot;sessionserver212.html\&amp;quot;]&amp;quot;,&amp;quot;html&amp;quot;]
    Fix all of the following:
      Document has no main landmarks


5) Content should be contained in a landmark region: https://dequeuniversity.com/rules/axe/3.0/region?application=axeAPI
  a) [&amp;quot;html&amp;quot;]
    Fix any of the following:
      Content not contained by an ARIA landmark

">
      <![CDATA[junit.framework.AssertionFailedError: Found 5 accessibility violations:
1) id attribute value must be unique: https://dequeuniversity.com/rules/axe/3.0/duplicate-id?application=axeAPI
  a) ["#marketing","html > body > div:nth-child(2) > .columnContainer.parbase > div > .container > .columns-wrapper.xs-min-height-500 > .col.text-left > div:nth-child(2) > h2"]
    Fix any of the following:
      Document has multiple elements with the same id attribute: salesforce-for-small-business


  b) ["#marketing","html > body > div:nth-child(16) > .columnContainer.parbase > div > .container > .columns-wrapper.xs-min-height-500 > .col.text-left > div:nth-child(3) > h1"]
    Fix any of the following:
      Document has multiple elements with the same id attribute: agenda-builder-is-live


  c) ["#marketing","html > body > div:nth-child(16) > .columnContainer.parbase > div > .container > .columns-wrapper.xs-min-height-500 > .col.text-left > div:nth-child(4) > h2"]
    Fix any of the following:
      Document has multiple elements with the same id attribute: start-planning-your-sessions-today


2) <html> element must have a lang attribute: https://dequeuniversity.com/rules/axe/3.0/html-has-lang?application=axeAPI
  a) ["body > iframe[src$=\"sessionserver212.html\"]","html"]
    Fix any of the following:
      The <html> element does not have a lang attribute


3) Images must have alternate text: https://dequeuniversity.com/rules/axe/3.0/image-alt?application=axeAPI
  a) ["#marketing","#small-business-kit > a > svg[role=\"img\"]"]
    Fix any of the following:
      Element does not have an alt attribute
      aria-label attribute does not exist or is empty
      aria-labelledby attribute does not exist, references elements that do not exist or references elements that are empty or not visible
      Element has no title attribute or the title attribute is empty
      Element's default semantics were not overridden with role="presentation"
      Element's default semantics were not overridden with role="none"


4) Page must contain one main landmark.: https://dequeuniversity.com/rules/axe/3.0/landmark-one-main?application=axeAPI
  a) ["html"]
    Fix all of the following:
      Document has no main landmarks


  b) ["#marketing","html"]
    Fix all of the following:
      Document has no main landmarks


  c) ["body > iframe[src$=\"sessionserver212.html\"]","html"]
    Fix all of the following:
      Document has no main landmarks


5) Content should be contained in a landmark region: https://dequeuniversity.com/rules/axe/3.0/region?application=axeAPI
  a) ["html"]
    Fix any of the following:
      Content not contained by an ARIA landmark


	at junit.framework.Assert.fail(Assert.java:47)
	at junit.framework.Assert.assertTrue(Assert.java:20)
	at tr.findlaw.basetest.FindlawBaseTest.applicationLogin(FindlawBaseTest.java:103)
	at tr.findlaw.tests.Sprint_6.soc_4102(Sprint_6.java:44)
... Removed 25 stack frames]]>
    </failure>
  </testcase> <!-- soc_4102 -->
</testsuite> <!-- SmokeTest -->
